Arguments: 
  /usr/local/Cellar/node/14.13.1/bin/node /usr/local/Cellar/yarn/1.22.10/libexec/bin/yarn.js --no-lockfile

PATH: 
  /Users/alec/dev/bin:/Users/alec/.cargo/bin:/usr/local/lib/ruby/gems/2.7.0/bin:/usr/local/Cellar/ruby/2.7.0/bin:/Users/alec/.cargo/bin:/usr/local/bin:/usr/bin:/bin:/usr/sbin:/sbin:/opt/X11/bin:/Library/Apple/usr/bin:/Users/alec/dev/bin:/Users/alec/.cargo/bin:/usr/local/lib/ruby/gems/2.7.0/bin:/usr/local/Cellar/ruby/2.7.0/bin:/Users/alec/.rvm/bin:/Users/alec/.rvm/bin

Yarn version: 
  1.22.10

Node version: 
  14.13.1

Platform: 
  darwin x64

Trace: 
  Error: https://registry.npmjs.org/@ople%2fbackend: Not found
      at Request.params.callback [as _callback] (/usr/local/Cellar/yarn/1.22.10/libexec/lib/cli.js:66988:18)
      at Request.self.callback (/usr/local/Cellar/yarn/1.22.10/libexec/lib/cli.js:140749:22)
      at Request.emit (events.js:314:20)
      at Request.<anonymous> (/usr/local/Cellar/yarn/1.22.10/libexec/lib/cli.js:141721:10)
      at Request.emit (events.js:314:20)
      at IncomingMessage.<anonymous> (/usr/local/Cellar/yarn/1.22.10/libexec/lib/cli.js:141643:12)
      at Object.onceWrapper (events.js:420:28)
      at IncomingMessage.emit (events.js:326:22)
      at endReadableNT (_stream_readable.js:1252:12)
      at processTicksAndRejections (internal/process/task_queues.js:80:21)

npm manifest: 
  {
    "name": "@ople/transform",
    "version": "0.0.0",
    "dependencies": {
      "@ople/backend": "*"
    }
  }

yarn manifest: 
  No manifest

Lockfile: 
  No lockfile
