Arguments: 
  /Users/aleclarsoniv/.nvm/versions/node/v14.15.0/bin/node /usr/local/Cellar/yarn/1.19.1/libexec/bin/yarn.js --no-lockfile --ignore-scripts

PATH: 
  /Users/aleclarsoniv/dev/bin:/Users/aleclarsoniv/.nvm/versions/node/v14.15.0/bin:/usr/bin:/bin:/usr/sbin:/sbin:/usr/local/bin:~/Library/Android/sdk/tools/android:/usr/local/go/bin:/opt/X11/bin:/Applications/Wireshark.app/Contents/MacOS:/usr/local/git/bin:/Users/aleclarsoniv/dev/bin:/Users/aleclarsoniv/.nvm/versions/node/v14.15.0/bin:/Users/aleclarsoniv/.fzf/bin:/Users/aleclarsoniv/.rvm/bin

Yarn version: 
  1.19.1

Node version: 
  14.15.0

Platform: 
  darwin x64

Trace: 
  Error: https://registry.yarnpkg.com/@aleclarson%2ffaunadb: Not found
      at Request.params.callback [as _callback] (/usr/local/Cellar/yarn/1.19.1/libexec/lib/cli.js:66926:18)
      at Request.self.callback (/usr/local/Cellar/yarn/1.19.1/libexec/lib/cli.js:140564:22)
      at Request.emit (events.js:315:20)
      at Request.<anonymous> (/usr/local/Cellar/yarn/1.19.1/libexec/lib/cli.js:141536:10)
      at Request.emit (events.js:315:20)
      at IncomingMessage.<anonymous> (/usr/local/Cellar/yarn/1.19.1/libexec/lib/cli.js:141458:12)
      at Object.onceWrapper (events.js:421:28)
      at IncomingMessage.emit (events.js:327:22)
      at endReadableNT (_stream_readable.js:1327:12)
      at processTicksAndRejections (internal/process/task_queues.js:80:21)

npm manifest: 
  {
    "name": "@ople/backend",
    "version": "0.1.0",
    "main": "dist/index.js",
    "module": "dist/index.mjs",
    "typings": "dist/index.d.ts",
    "prettier": "@alloc/prettier-config",
    "dependencies": {
      "@alloc/is": "^2.1.1",
      "@alloc/is-dev": "^1.2.2",
      "@alloc/types": "^1.3.0",
      "@fanoutio/grip": "^2.1.1",
      "@fanoutio/pubcontrol": "^2.1.5",
      "agentkeepalive": "^4.1.3",
      "ansi-italic": "^0.1.1",
      "create-server": "npm:@cush/create-server@^1.0.4",
      "faunadb": "npm:@aleclarson/faunadb@^2.14.2",
      "lodge": "^0.1.4",
      "node-fetch": "^2.6.0",
      "raw-body": "^2.4.1"
    },
    "devDependencies": {
      "@types/node": "^14.0.26",
      "@types/node-fetch": "^2.5.7"
    }
  }

yarn manifest: 
  No manifest

Lockfile: 
  No lockfile
