{
  "0 debug pnpm:scope": {
    "selected": 1
  },
  "1 debug pnpm:package-manifest": {
    "initial": {
      "name": "@ople/mock",
      "version": "0.1.0",
      "dependencies": {
        "@ople/agent": "*"
      }
    },
    "prefix": "/Users/alec/dev/alloc/ople/packages/mock"
  },
  "2 debug pnpm:context": {
    "currentLockfileExists": false,
    "storeDir": "/Users/alec/.pnpm-store/v3",
    "virtualStoreDir": "/Users/alec/dev/alloc/ople/packages/mock/node_modules/.pnpm"
  },
  "3 debug pnpm:stage": {
    "prefix": "/Users/alec/dev/alloc/ople/packages/mock",
    "stage": "resolution_started"
  },
  "4 error pnpm": {
    "code": "ERR_PNPM_FETCH_404",
    "hint": "@ople/agent is not in the npm registry, or you have no permission to fetch it.\n\nAn authorization header was used: Bearer 2c18[hidden]",
    "request": {
      "authHeaderValue": "Bearer 2c1831e8-a6a6-4408-886c-6a22374c0f61",
      "url": "https://registry.npmjs.org/@ople%2Fagent"
    },
    "response": {
      "size": 0,
      "timeout": 60000
    },
    "pkgName": "@ople/agent",
    "pkgsStack": [],
    "err": {
      "name": "Error",
      "message": "GET https://registry.npmjs.org/@ople%2Fagent: Not Found - 404",
      "code": "ERR_PNPM_FETCH_404",
      "stack": "Error: GET https://registry.npmjs.org/@ople%2Fagent: Not Found - 404\n    at RetryOperation._fn (/usr/local/lib/node_modules/pnpm/dist/pnpm.cjs:79562:18)\n    at processTicksAndRejections (node:internal/process/task_queues:96:5)"
    }
  }
}